

trainXY
{((185, 90, 32), 'M'), ((150, 45, 35), 'W'), ((155, 48, 31), 'W'), ((178, 80, 27), 'M'), ((160, 50, 31), 'W'), ((175, 69, 28), 'W'), ((171, 65, 28), 'W'), ((168, 65, 29), 'M'), ((170, 57, 32), 'W'), ((175, 78, 26), 'M'), ((190, 95, 28), 'M'), ((165, 60, 27), 'W'), ((170, 72, 30), 'M'), ((182, 80, 30), 'M')}


testX
{(175, 70, 30), (180, 85, 29), (168, 75, 32), (162, 53, 28)}


Distances:
[(array([(175, 69, 28), 'W'], dtype=object), 2.23606797749979), (array([(170, 72, 30), 'M'], dtype=object), 5.385164807134504), (array([(171, 65, 28), 'W'], dtype=object), 6.708203932499369), (array([(168, 65, 29), 'M'], dtype=object), 8.660254037844387), (array([(175, 78, 26), 'M'], dtype=object), 8.94427190999916), (array([(178, 80, 27), 'M'], dtype=object), 10.862780491200215), (array([(182, 80, 30), 'M'], dtype=object), 12.206555615733702), (array([(170, 57, 32), 'W'], dtype=object), 14.071247279470288), (array([(165, 60, 27), 'W'], dtype=object), 14.45683229480096), (array([(185, 90, 32), 'M'], dtype=object), 22.44994432064365), (array([(160, 50, 31), 'W'], dtype=object), 25.019992006393608), (array([(190, 95, 28), 'M'], dtype=object), 29.223278392404914), (array([(155, 48, 31), 'W'], dtype=object), 29.748949561287034), (array([(150, 45, 35), 'W'], dtype=object), 35.70714214271425)]

Neighbors
[array([(175, 69, 28), 'W'], dtype=object)]

Distances:
[(array([(182, 80, 30), 'M'], dtype=object), 5.477225575051661), (array([(178, 80, 27), 'M'], dtype=object), 5.744562646538029), (array([(185, 90, 32), 'M'], dtype=object), 7.681145747868608), (array([(175, 78, 26), 'M'], dtype=object), 9.1104335791443), (array([(190, 95, 28), 'M'], dtype=object), 14.177446878757825), (array([(170, 72, 30), 'M'], dtype=object), 16.431676725154983), (array([(175, 69, 28), 'W'], dtype=object), 16.792855623746664), (array([(171, 65, 28), 'W'], dtype=object), 21.95449840010015), (array([(168, 65, 29), 'M'], dtype=object), 23.323807579381203), (array([(165, 60, 27), 'W'], dtype=object), 29.223278392404914), (array([(170, 57, 32), 'W'], dtype=object), 29.88310559496787), (array([(160, 50, 31), 'W'], dtype=object), 40.36087214122113), (array([(155, 48, 31), 'W'], dtype=object), 44.69899327725402), (array([(150, 45, 35), 'W'], dtype=object), 50.35871324805669)]

Neighbors
[array([(182, 80, 30), 'M'], dtype=object)]

Distances:
[(array([(170, 72, 30), 'M'], dtype=object), 4.123105625617661), (array([(175, 78, 26), 'M'], dtype=object), 9.695359714832659), (array([(175, 69, 28), 'W'], dtype=object), 10.04987562112089), (array([(168, 65, 29), 'M'], dtype=object), 10.44030650891055), (array([(171, 65, 28), 'W'], dtype=object), 11.180339887498949), (array([(178, 80, 27), 'M'], dtype=object), 12.24744871391589), (array([(182, 80, 30), 'M'], dtype=object), 15.0), (array([(165, 60, 27), 'W'], dtype=object), 16.09347693943108), (array([(170, 57, 32), 'W'], dtype=object), 18.110770276274835), (array([(185, 90, 32), 'M'], dtype=object), 22.67156809750927), (array([(160, 50, 31), 'W'], dtype=object), 26.267851073127396), (array([(155, 48, 31), 'W'], dtype=object), 29.9833287011299), (array([(190, 95, 28), 'M'], dtype=object), 30.0), (array([(150, 45, 35), 'W'], dtype=object), 35.11409973215888)]

Neighbors
[array([(170, 72, 30), 'M'], dtype=object)]

Distances:
[(array([(160, 50, 31), 'W'], dtype=object), 4.69041575982343), (array([(165, 60, 27), 'W'], dtype=object), 7.681145747868608), (array([(155, 48, 31), 'W'], dtype=object), 9.1104335791443), (array([(170, 57, 32), 'W'], dtype=object), 9.797958971132712), (array([(168, 65, 29), 'M'], dtype=object), 13.45362404707371), (array([(171, 65, 28), 'W'], dtype=object), 15.0), (array([(150, 45, 35), 'W'], dtype=object), 16.0312195418814), (array([(175, 69, 28), 'W'], dtype=object), 20.615528128088304), (array([(170, 72, 30), 'M'], dtype=object), 20.71231517720798), (array([(175, 78, 26), 'M'], dtype=object), 28.24889378365107), (array([(178, 80, 27), 'M'], dtype=object), 31.400636936215164), (array([(182, 80, 30), 'M'], dtype=object), 33.66006535941367), (array([(185, 90, 32), 'M'], dtype=object), 43.749285708454714), (array([(190, 95, 28), 'M'], dtype=object), 50.47771785649585)]

Neighbors
[array([(160, 50, 31), 'W'], dtype=object)]


prediction:
['W', 'M', 'M', 'W']
for test set:
{(175, 70, 30), (180, 85, 29), (168, 75, 32), (162, 53, 28)}
k =  1
Distances:
[(array([(175, 69, 28), 'W'], dtype=object), 2.23606797749979), (array([(170, 72, 30), 'M'], dtype=object), 5.385164807134504), (array([(171, 65, 28), 'W'], dtype=object), 6.708203932499369), (array([(168, 65, 29), 'M'], dtype=object), 8.660254037844387), (array([(175, 78, 26), 'M'], dtype=object), 8.94427190999916), (array([(178, 80, 27), 'M'], dtype=object), 10.862780491200215), (array([(182, 80, 30), 'M'], dtype=object), 12.206555615733702), (array([(170, 57, 32), 'W'], dtype=object), 14.071247279470288), (array([(165, 60, 27), 'W'], dtype=object), 14.45683229480096), (array([(185, 90, 32), 'M'], dtype=object), 22.44994432064365), (array([(160, 50, 31), 'W'], dtype=object), 25.019992006393608), (array([(190, 95, 28), 'M'], dtype=object), 29.223278392404914), (array([(155, 48, 31), 'W'], dtype=object), 29.748949561287034), (array([(150, 45, 35), 'W'], dtype=object), 35.70714214271425)]

Neighbors
[array([(175, 69, 28), 'W'], dtype=object), array([(170, 72, 30), 'M'], dtype=object), array([(171, 65, 28), 'W'], dtype=object)]

Distances:
[(array([(182, 80, 30), 'M'], dtype=object), 5.477225575051661), (array([(178, 80, 27), 'M'], dtype=object), 5.744562646538029), (array([(185, 90, 32), 'M'], dtype=object), 7.681145747868608), (array([(175, 78, 26), 'M'], dtype=object), 9.1104335791443), (array([(190, 95, 28), 'M'], dtype=object), 14.177446878757825), (array([(170, 72, 30), 'M'], dtype=object), 16.431676725154983), (array([(175, 69, 28), 'W'], dtype=object), 16.792855623746664), (array([(171, 65, 28), 'W'], dtype=object), 21.95449840010015), (array([(168, 65, 29), 'M'], dtype=object), 23.323807579381203), (array([(165, 60, 27), 'W'], dtype=object), 29.223278392404914), (array([(170, 57, 32), 'W'], dtype=object), 29.88310559496787), (array([(160, 50, 31), 'W'], dtype=object), 40.36087214122113), (array([(155, 48, 31), 'W'], dtype=object), 44.69899327725402), (array([(150, 45, 35), 'W'], dtype=object), 50.35871324805669)]

Neighbors
[array([(182, 80, 30), 'M'], dtype=object), array([(178, 80, 27), 'M'], dtype=object), array([(185, 90, 32), 'M'], dtype=object)]

Distances:
[(array([(170, 72, 30), 'M'], dtype=object), 4.123105625617661), (array([(175, 78, 26), 'M'], dtype=object), 9.695359714832659), (array([(175, 69, 28), 'W'], dtype=object), 10.04987562112089), (array([(168, 65, 29), 'M'], dtype=object), 10.44030650891055), (array([(171, 65, 28), 'W'], dtype=object), 11.180339887498949), (array([(178, 80, 27), 'M'], dtype=object), 12.24744871391589), (array([(182, 80, 30), 'M'], dtype=object), 15.0), (array([(165, 60, 27), 'W'], dtype=object), 16.09347693943108), (array([(170, 57, 32), 'W'], dtype=object), 18.110770276274835), (array([(185, 90, 32), 'M'], dtype=object), 22.67156809750927), (array([(160, 50, 31), 'W'], dtype=object), 26.267851073127396), (array([(155, 48, 31), 'W'], dtype=object), 29.9833287011299), (array([(190, 95, 28), 'M'], dtype=object), 30.0), (array([(150, 45, 35), 'W'], dtype=object), 35.11409973215888)]

Neighbors
[array([(170, 72, 30), 'M'], dtype=object), array([(175, 78, 26), 'M'], dtype=object), array([(175, 69, 28), 'W'], dtype=object)]

Distances:
[(array([(160, 50, 31), 'W'], dtype=object), 4.69041575982343), (array([(165, 60, 27), 'W'], dtype=object), 7.681145747868608), (array([(155, 48, 31), 'W'], dtype=object), 9.1104335791443), (array([(170, 57, 32), 'W'], dtype=object), 9.797958971132712), (array([(168, 65, 29), 'M'], dtype=object), 13.45362404707371), (array([(171, 65, 28), 'W'], dtype=object), 15.0), (array([(150, 45, 35), 'W'], dtype=object), 16.0312195418814), (array([(175, 69, 28), 'W'], dtype=object), 20.615528128088304), (array([(170, 72, 30), 'M'], dtype=object), 20.71231517720798), (array([(175, 78, 26), 'M'], dtype=object), 28.24889378365107), (array([(178, 80, 27), 'M'], dtype=object), 31.400636936215164), (array([(182, 80, 30), 'M'], dtype=object), 33.66006535941367), (array([(185, 90, 32), 'M'], dtype=object), 43.749285708454714), (array([(190, 95, 28), 'M'], dtype=object), 50.47771785649585)]

Neighbors
[array([(160, 50, 31), 'W'], dtype=object), array([(165, 60, 27), 'W'], dtype=object), array([(155, 48, 31), 'W'], dtype=object)]


prediction:
['W', 'M', 'M', 'W']
for test set:
{(175, 70, 30), (180, 85, 29), (168, 75, 32), (162, 53, 28)}
k =  3
Distances:
[(array([(175, 69, 28), 'W'], dtype=object), 2.23606797749979), (array([(170, 72, 30), 'M'], dtype=object), 5.385164807134504), (array([(171, 65, 28), 'W'], dtype=object), 6.708203932499369), (array([(168, 65, 29), 'M'], dtype=object), 8.660254037844387), (array([(175, 78, 26), 'M'], dtype=object), 8.94427190999916), (array([(178, 80, 27), 'M'], dtype=object), 10.862780491200215), (array([(182, 80, 30), 'M'], dtype=object), 12.206555615733702), (array([(170, 57, 32), 'W'], dtype=object), 14.071247279470288), (array([(165, 60, 27), 'W'], dtype=object), 14.45683229480096), (array([(185, 90, 32), 'M'], dtype=object), 22.44994432064365), (array([(160, 50, 31), 'W'], dtype=object), 25.019992006393608), (array([(190, 95, 28), 'M'], dtype=object), 29.223278392404914), (array([(155, 48, 31), 'W'], dtype=object), 29.748949561287034), (array([(150, 45, 35), 'W'], dtype=object), 35.70714214271425)]

Neighbors
[array([(175, 69, 28), 'W'], dtype=object), array([(170, 72, 30), 'M'], dtype=object), array([(171, 65, 28), 'W'], dtype=object), array([(168, 65, 29), 'M'], dtype=object), array([(175, 78, 26), 'M'], dtype=object)]

Distances:
[(array([(182, 80, 30), 'M'], dtype=object), 5.477225575051661), (array([(178, 80, 27), 'M'], dtype=object), 5.744562646538029), (array([(185, 90, 32), 'M'], dtype=object), 7.681145747868608), (array([(175, 78, 26), 'M'], dtype=object), 9.1104335791443), (array([(190, 95, 28), 'M'], dtype=object), 14.177446878757825), (array([(170, 72, 30), 'M'], dtype=object), 16.431676725154983), (array([(175, 69, 28), 'W'], dtype=object), 16.792855623746664), (array([(171, 65, 28), 'W'], dtype=object), 21.95449840010015), (array([(168, 65, 29), 'M'], dtype=object), 23.323807579381203), (array([(165, 60, 27), 'W'], dtype=object), 29.223278392404914), (array([(170, 57, 32), 'W'], dtype=object), 29.88310559496787), (array([(160, 50, 31), 'W'], dtype=object), 40.36087214122113), (array([(155, 48, 31), 'W'], dtype=object), 44.69899327725402), (array([(150, 45, 35), 'W'], dtype=object), 50.35871324805669)]

Neighbors
[array([(182, 80, 30), 'M'], dtype=object), array([(178, 80, 27), 'M'], dtype=object), array([(185, 90, 32), 'M'], dtype=object), array([(175, 78, 26), 'M'], dtype=object), array([(190, 95, 28), 'M'], dtype=object)]

Distances:
[(array([(170, 72, 30), 'M'], dtype=object), 4.123105625617661), (array([(175, 78, 26), 'M'], dtype=object), 9.695359714832659), (array([(175, 69, 28), 'W'], dtype=object), 10.04987562112089), (array([(168, 65, 29), 'M'], dtype=object), 10.44030650891055), (array([(171, 65, 28), 'W'], dtype=object), 11.180339887498949), (array([(178, 80, 27), 'M'], dtype=object), 12.24744871391589), (array([(182, 80, 30), 'M'], dtype=object), 15.0), (array([(165, 60, 27), 'W'], dtype=object), 16.09347693943108), (array([(170, 57, 32), 'W'], dtype=object), 18.110770276274835), (array([(185, 90, 32), 'M'], dtype=object), 22.67156809750927), (array([(160, 50, 31), 'W'], dtype=object), 26.267851073127396), (array([(155, 48, 31), 'W'], dtype=object), 29.9833287011299), (array([(190, 95, 28), 'M'], dtype=object), 30.0), (array([(150, 45, 35), 'W'], dtype=object), 35.11409973215888)]

Neighbors
[array([(170, 72, 30), 'M'], dtype=object), array([(175, 78, 26), 'M'], dtype=object), array([(175, 69, 28), 'W'], dtype=object), array([(168, 65, 29), 'M'], dtype=object), array([(171, 65, 28), 'W'], dtype=object)]

Distances:
[(array([(160, 50, 31), 'W'], dtype=object), 4.69041575982343), (array([(165, 60, 27), 'W'], dtype=object), 7.681145747868608), (array([(155, 48, 31), 'W'], dtype=object), 9.1104335791443), (array([(170, 57, 32), 'W'], dtype=object), 9.797958971132712), (array([(168, 65, 29), 'M'], dtype=object), 13.45362404707371), (array([(171, 65, 28), 'W'], dtype=object), 15.0), (array([(150, 45, 35), 'W'], dtype=object), 16.0312195418814), (array([(175, 69, 28), 'W'], dtype=object), 20.615528128088304), (array([(170, 72, 30), 'M'], dtype=object), 20.71231517720798), (array([(175, 78, 26), 'M'], dtype=object), 28.24889378365107), (array([(178, 80, 27), 'M'], dtype=object), 31.400636936215164), (array([(182, 80, 30), 'M'], dtype=object), 33.66006535941367), (array([(185, 90, 32), 'M'], dtype=object), 43.749285708454714), (array([(190, 95, 28), 'M'], dtype=object), 50.47771785649585)]

Neighbors
[array([(160, 50, 31), 'W'], dtype=object), array([(165, 60, 27), 'W'], dtype=object), array([(155, 48, 31), 'W'], dtype=object), array([(170, 57, 32), 'W'], dtype=object), array([(168, 65, 29), 'M'], dtype=object)]


prediction:
['M', 'M', 'M', 'W']
for test set:
{(175, 70, 30), (180, 85, 29), (168, 75, 32), (162, 53, 28)}
k =  5
Distances:
[(array([(178, 80), 'M'], dtype=object), 5.385164807134504), (array([(182, 80), 'M'], dtype=object), 5.385164807134504), (array([(185, 90), 'M'], dtype=object), 7.0710678118654755), (array([(175, 78), 'M'], dtype=object), 8.602325267042627), (array([(190, 95), 'M'], dtype=object), 14.142135623730951), (array([(170, 72), 'M'], dtype=object), 16.401219466856727), (array([(175, 69), 'W'], dtype=object), 16.76305461424021), (array([(171, 65), 'W'], dtype=object), 21.93171219946131), (array([(168, 65), 'M'], dtype=object), 23.323807579381203), (array([(165, 60), 'W'], dtype=object), 29.154759474226502), (array([(170, 57), 'W'], dtype=object), 29.732137494637012), (array([(160, 50), 'W'], dtype=object), 40.311288741492746), (array([(155, 48), 'W'], dtype=object), 44.654227123532216), (array([(150, 45), 'W'], dtype=object), 50.0)]

Neighbors
[array([(178, 80), 'M'], dtype=object)]

Distances:
[(array([(170, 72), 'M'], dtype=object), 3.605551275463989), (array([(175, 78), 'M'], dtype=object), 7.615773105863909), (array([(175, 69), 'W'], dtype=object), 9.219544457292887), (array([(168, 65), 'M'], dtype=object), 10.0), (array([(171, 65), 'W'], dtype=object), 10.44030650891055), (array([(178, 80), 'M'], dtype=object), 11.180339887498949), (array([(182, 80), 'M'], dtype=object), 14.866068747318506), (array([(165, 60), 'W'], dtype=object), 15.297058540778355), (array([(170, 57), 'W'], dtype=object), 18.110770276274835), (array([(185, 90), 'M'], dtype=object), 22.67156809750927), (array([(160, 50), 'W'], dtype=object), 26.248809496813376), (array([(190, 95), 'M'], dtype=object), 29.732137494637012), (array([(155, 48), 'W'], dtype=object), 29.966648127543394), (array([(150, 45), 'W'], dtype=object), 34.9857113690718)]

Neighbors
[array([(170, 72), 'M'], dtype=object)]

Distances:
[(array([(175, 69), 'W'], dtype=object), 1.0), (array([(170, 72), 'M'], dtype=object), 5.385164807134504), (array([(171, 65), 'W'], dtype=object), 6.4031242374328485), (array([(175, 78), 'M'], dtype=object), 8.0), (array([(168, 65), 'M'], dtype=object), 8.602325267042627), (array([(178, 80), 'M'], dtype=object), 10.44030650891055), (array([(182, 80), 'M'], dtype=object), 12.206555615733702), (array([(170, 57), 'W'], dtype=object), 13.92838827718412), (array([(165, 60), 'W'], dtype=object), 14.142135623730951), (array([(185, 90), 'M'], dtype=object), 22.360679774997898), (array([(160, 50), 'W'], dtype=object), 25.0), (array([(190, 95), 'M'], dtype=object), 29.154759474226502), (array([(155, 48), 'W'], dtype=object), 29.732137494637012), (array([(150, 45), 'W'], dtype=object), 35.35533905932738)]

Neighbors
[array([(175, 69), 'W'], dtype=object)]

Distances:
[(array([(160, 50), 'W'], dtype=object), 3.605551275463989), (array([(165, 60), 'W'], dtype=object), 7.615773105863909), (array([(155, 48), 'W'], dtype=object), 8.602325267042627), (array([(170, 57), 'W'], dtype=object), 8.94427190999916), (array([(168, 65), 'M'], dtype=object), 13.416407864998739), (array([(150, 45), 'W'], dtype=object), 14.422205101855956), (array([(171, 65), 'W'], dtype=object), 15.0), (array([(175, 69), 'W'], dtype=object), 20.615528128088304), (array([(170, 72), 'M'], dtype=object), 20.615528128088304), (array([(175, 78), 'M'], dtype=object), 28.178005607210743), (array([(178, 80), 'M'], dtype=object), 31.38470965295043), (array([(182, 80), 'M'], dtype=object), 33.60059523282288), (array([(185, 90), 'M'], dtype=object), 43.56604182158393), (array([(190, 95), 'M'], dtype=object), 50.47771785649585)]

Neighbors
[array([(160, 50), 'W'], dtype=object)]


prediction:
['M', 'M', 'W', 'W']
for test set:
{(180, 85), (168, 75), (175, 70), (162, 53)}
k =  1
Distances:
[(array([(178, 80), 'M'], dtype=object), 5.385164807134504), (array([(182, 80), 'M'], dtype=object), 5.385164807134504), (array([(185, 90), 'M'], dtype=object), 7.0710678118654755), (array([(175, 78), 'M'], dtype=object), 8.602325267042627), (array([(190, 95), 'M'], dtype=object), 14.142135623730951), (array([(170, 72), 'M'], dtype=object), 16.401219466856727), (array([(175, 69), 'W'], dtype=object), 16.76305461424021), (array([(171, 65), 'W'], dtype=object), 21.93171219946131), (array([(168, 65), 'M'], dtype=object), 23.323807579381203), (array([(165, 60), 'W'], dtype=object), 29.154759474226502), (array([(170, 57), 'W'], dtype=object), 29.732137494637012), (array([(160, 50), 'W'], dtype=object), 40.311288741492746), (array([(155, 48), 'W'], dtype=object), 44.654227123532216), (array([(150, 45), 'W'], dtype=object), 50.0)]

Neighbors
[array([(178, 80), 'M'], dtype=object), array([(182, 80), 'M'], dtype=object), array([(185, 90), 'M'], dtype=object)]

Distances:
[(array([(170, 72), 'M'], dtype=object), 3.605551275463989), (array([(175, 78), 'M'], dtype=object), 7.615773105863909), (array([(175, 69), 'W'], dtype=object), 9.219544457292887), (array([(168, 65), 'M'], dtype=object), 10.0), (array([(171, 65), 'W'], dtype=object), 10.44030650891055), (array([(178, 80), 'M'], dtype=object), 11.180339887498949), (array([(182, 80), 'M'], dtype=object), 14.866068747318506), (array([(165, 60), 'W'], dtype=object), 15.297058540778355), (array([(170, 57), 'W'], dtype=object), 18.110770276274835), (array([(185, 90), 'M'], dtype=object), 22.67156809750927), (array([(160, 50), 'W'], dtype=object), 26.248809496813376), (array([(190, 95), 'M'], dtype=object), 29.732137494637012), (array([(155, 48), 'W'], dtype=object), 29.966648127543394), (array([(150, 45), 'W'], dtype=object), 34.9857113690718)]

Neighbors
[array([(170, 72), 'M'], dtype=object), array([(175, 78), 'M'], dtype=object), array([(175, 69), 'W'], dtype=object)]

Distances:
[(array([(175, 69), 'W'], dtype=object), 1.0), (array([(170, 72), 'M'], dtype=object), 5.385164807134504), (array([(171, 65), 'W'], dtype=object), 6.4031242374328485), (array([(175, 78), 'M'], dtype=object), 8.0), (array([(168, 65), 'M'], dtype=object), 8.602325267042627), (array([(178, 80), 'M'], dtype=object), 10.44030650891055), (array([(182, 80), 'M'], dtype=object), 12.206555615733702), (array([(170, 57), 'W'], dtype=object), 13.92838827718412), (array([(165, 60), 'W'], dtype=object), 14.142135623730951), (array([(185, 90), 'M'], dtype=object), 22.360679774997898), (array([(160, 50), 'W'], dtype=object), 25.0), (array([(190, 95), 'M'], dtype=object), 29.154759474226502), (array([(155, 48), 'W'], dtype=object), 29.732137494637012), (array([(150, 45), 'W'], dtype=object), 35.35533905932738)]

Neighbors
[array([(175, 69), 'W'], dtype=object), array([(170, 72), 'M'], dtype=object), array([(171, 65), 'W'], dtype=object)]

Distances:
[(array([(160, 50), 'W'], dtype=object), 3.605551275463989), (array([(165, 60), 'W'], dtype=object), 7.615773105863909), (array([(155, 48), 'W'], dtype=object), 8.602325267042627), (array([(170, 57), 'W'], dtype=object), 8.94427190999916), (array([(168, 65), 'M'], dtype=object), 13.416407864998739), (array([(150, 45), 'W'], dtype=object), 14.422205101855956), (array([(171, 65), 'W'], dtype=object), 15.0), (array([(175, 69), 'W'], dtype=object), 20.615528128088304), (array([(170, 72), 'M'], dtype=object), 20.615528128088304), (array([(175, 78), 'M'], dtype=object), 28.178005607210743), (array([(178, 80), 'M'], dtype=object), 31.38470965295043), (array([(182, 80), 'M'], dtype=object), 33.60059523282288), (array([(185, 90), 'M'], dtype=object), 43.56604182158393), (array([(190, 95), 'M'], dtype=object), 50.47771785649585)]

Neighbors
[array([(160, 50), 'W'], dtype=object), array([(165, 60), 'W'], dtype=object), array([(155, 48), 'W'], dtype=object)]


prediction:
['M', 'M', 'W', 'W']
for test set:
{(180, 85), (168, 75), (175, 70), (162, 53)}
k =  3
Distances:
[(array([(178, 80), 'M'], dtype=object), 5.385164807134504), (array([(182, 80), 'M'], dtype=object), 5.385164807134504), (array([(185, 90), 'M'], dtype=object), 7.0710678118654755), (array([(175, 78), 'M'], dtype=object), 8.602325267042627), (array([(190, 95), 'M'], dtype=object), 14.142135623730951), (array([(170, 72), 'M'], dtype=object), 16.401219466856727), (array([(175, 69), 'W'], dtype=object), 16.76305461424021), (array([(171, 65), 'W'], dtype=object), 21.93171219946131), (array([(168, 65), 'M'], dtype=object), 23.323807579381203), (array([(165, 60), 'W'], dtype=object), 29.154759474226502), (array([(170, 57), 'W'], dtype=object), 29.732137494637012), (array([(160, 50), 'W'], dtype=object), 40.311288741492746), (array([(155, 48), 'W'], dtype=object), 44.654227123532216), (array([(150, 45), 'W'], dtype=object), 50.0)]

Neighbors
[array([(178, 80), 'M'], dtype=object), array([(182, 80), 'M'], dtype=object), array([(185, 90), 'M'], dtype=object), array([(175, 78), 'M'], dtype=object), array([(190, 95), 'M'], dtype=object)]

Distances:
[(array([(170, 72), 'M'], dtype=object), 3.605551275463989), (array([(175, 78), 'M'], dtype=object), 7.615773105863909), (array([(175, 69), 'W'], dtype=object), 9.219544457292887), (array([(168, 65), 'M'], dtype=object), 10.0), (array([(171, 65), 'W'], dtype=object), 10.44030650891055), (array([(178, 80), 'M'], dtype=object), 11.180339887498949), (array([(182, 80), 'M'], dtype=object), 14.866068747318506), (array([(165, 60), 'W'], dtype=object), 15.297058540778355), (array([(170, 57), 'W'], dtype=object), 18.110770276274835), (array([(185, 90), 'M'], dtype=object), 22.67156809750927), (array([(160, 50), 'W'], dtype=object), 26.248809496813376), (array([(190, 95), 'M'], dtype=object), 29.732137494637012), (array([(155, 48), 'W'], dtype=object), 29.966648127543394), (array([(150, 45), 'W'], dtype=object), 34.9857113690718)]

Neighbors
[array([(170, 72), 'M'], dtype=object), array([(175, 78), 'M'], dtype=object), array([(175, 69), 'W'], dtype=object), array([(168, 65), 'M'], dtype=object), array([(171, 65), 'W'], dtype=object)]

Distances:
[(array([(175, 69), 'W'], dtype=object), 1.0), (array([(170, 72), 'M'], dtype=object), 5.385164807134504), (array([(171, 65), 'W'], dtype=object), 6.4031242374328485), (array([(175, 78), 'M'], dtype=object), 8.0), (array([(168, 65), 'M'], dtype=object), 8.602325267042627), (array([(178, 80), 'M'], dtype=object), 10.44030650891055), (array([(182, 80), 'M'], dtype=object), 12.206555615733702), (array([(170, 57), 'W'], dtype=object), 13.92838827718412), (array([(165, 60), 'W'], dtype=object), 14.142135623730951), (array([(185, 90), 'M'], dtype=object), 22.360679774997898), (array([(160, 50), 'W'], dtype=object), 25.0), (array([(190, 95), 'M'], dtype=object), 29.154759474226502), (array([(155, 48), 'W'], dtype=object), 29.732137494637012), (array([(150, 45), 'W'], dtype=object), 35.35533905932738)]

Neighbors
[array([(175, 69), 'W'], dtype=object), array([(170, 72), 'M'], dtype=object), array([(171, 65), 'W'], dtype=object), array([(175, 78), 'M'], dtype=object), array([(168, 65), 'M'], dtype=object)]

Distances:
[(array([(160, 50), 'W'], dtype=object), 3.605551275463989), (array([(165, 60), 'W'], dtype=object), 7.615773105863909), (array([(155, 48), 'W'], dtype=object), 8.602325267042627), (array([(170, 57), 'W'], dtype=object), 8.94427190999916), (array([(168, 65), 'M'], dtype=object), 13.416407864998739), (array([(150, 45), 'W'], dtype=object), 14.422205101855956), (array([(171, 65), 'W'], dtype=object), 15.0), (array([(175, 69), 'W'], dtype=object), 20.615528128088304), (array([(170, 72), 'M'], dtype=object), 20.615528128088304), (array([(175, 78), 'M'], dtype=object), 28.178005607210743), (array([(178, 80), 'M'], dtype=object), 31.38470965295043), (array([(182, 80), 'M'], dtype=object), 33.60059523282288), (array([(185, 90), 'M'], dtype=object), 43.56604182158393), (array([(190, 95), 'M'], dtype=object), 50.47771785649585)]

Neighbors
[array([(160, 50), 'W'], dtype=object), array([(165, 60), 'W'], dtype=object), array([(155, 48), 'W'], dtype=object), array([(170, 57), 'W'], dtype=object), array([(168, 65), 'M'], dtype=object)]


prediction:
['M', 'M', 'M', 'W']
for test set:
{(180, 85), (168, 75), (175, 70), (162, 53)}
k =  5
