

trainXY:
[[(168, 65, 29) 'M']
 [(190, 95, 28) 'M']
 [(175, 78, 26) 'M']
 [(160, 50, 31) 'W']
 [(175, 69, 28) 'W']
 [(178, 80, 27) 'M']
 [(170, 72, 30) 'M']
 [(150, 45, 35) 'W']
 [(155, 48, 31) 'W']
 [(171, 65, 28) 'W']
 [(182, 80, 30) 'M']
 [(170, 57, 32) 'W']
 [(185, 90, 32) 'M']
 [(165, 60, 27) 'W']]


testX: 
[[175 70 30]
 [180 85 29]
 [168 75 32]
 [162 53 28]]


print separated classes:
label: M
(168, 65, 29)
(190, 95, 28)
(175, 78, 26)
(178, 80, 27)
(170, 72, 30)
(182, 80, 30)
(185, 90, 32)

label: W
(160, 50, 31)
(175, 69, 28)
(150, 45, 35)
(155, 48, 31)
(171, 65, 28)
(170, 57, 32)
(165, 60, 27)


get all class probabilities:
summaries[M]:   [(178.28571, 54.4898, 7.38172, 7), (80.0, 88.28571, 9.39605, 7), (28.85714, 3.55102, 1.88442, 7)]
summaries[W]:   [(163.71429, 71.34694, 8.44671, 7), (56.28571, 69.63265, 8.34462, 7), (30.28571, 6.77551, 2.60298, 7)]



-------------------->test datum:  [175 70 30]
----------> label:  M
i:  0
xi: 175   |mean: 178.28571   |sd: 7.38172   |p: 0.04895

i:  1
xi: 70   |mean: 80.0   |sd: 9.39605   |p: 0.0241

i:  2
xi: 30   |mean: 28.85714   |sd: 1.88442   |p: 0.17614


----------> label:  W
i:  0
xi: 175   |mean: 163.71429   |sd: 8.44671   |p: 0.01935

i:  1
xi: 70   |mean: 56.28571   |sd: 8.34462   |p: 0.01239

i:  2
xi: 30   |mean: 30.28571   |sd: 2.60298   |p: 0.15234


test datum[ 0 ]:  [175 70 30]
probabilities:  {'M': 0.00010389573864999999, 'W': 1.8261490905e-05}
prediction: M



-------------------->test datum:  [180 85 29]
----------> label:  M
i:  0
xi: 180   |mean: 178.28571   |sd: 7.38172   |p: 0.05261

i:  1
xi: 85   |mean: 80.0   |sd: 9.39605   |p: 0.03685

i:  2
xi: 29   |mean: 28.85714   |sd: 1.88442   |p: 0.2111


----------> label:  W
i:  0
xi: 180   |mean: 163.71429   |sd: 8.44671   |p: 0.00736

i:  1
xi: 85   |mean: 56.28571   |sd: 8.34462   |p: 0.00013

i:  2
xi: 29   |mean: 30.28571   |sd: 2.60298   |p: 0.13566


test datum[ 1 ]:  [180 85 29]
probabilities:  {'M': 0.000204627515675, 'W': 6.489974399999999e-08}
prediction: M



-------------------->test datum:  [168 75 32]
----------> label:  M
i:  0
xi: 168   |mean: 178.28571   |sd: 7.38172   |p: 0.02047

i:  1
xi: 75   |mean: 80.0   |sd: 9.39605   |p: 0.03685

i:  2
xi: 32   |mean: 28.85714   |sd: 1.88442   |p: 0.05269


----------> label:  W
i:  0
xi: 168   |mean: 163.71429   |sd: 8.44671   |p: 0.04153

i:  1
xi: 75   |mean: 56.28571   |sd: 8.34462   |p: 0.00387

i:  2
xi: 32   |mean: 30.28571   |sd: 2.60298   |p: 0.12338


test datum[ 2 ]:  [168 75 32]
probabilities:  {'M': 1.98725472275e-05, 'W': 9.914884659e-06}
prediction: M



-------------------->test datum:  [162 53 28]
----------> label:  M
i:  0
xi: 162   |mean: 178.28571   |sd: 7.38172   |p: 0.00474

i:  1
xi: 53   |mean: 80.0   |sd: 9.39605   |p: 0.00068

i:  2
xi: 28   |mean: 28.85714   |sd: 1.88442   |p: 0.1909


----------> label:  W
i:  0
xi: 162   |mean: 163.71429   |sd: 8.44671   |p: 0.04627

i:  1
xi: 53   |mean: 56.28571   |sd: 8.34462   |p: 0.04424

i:  2
xi: 28   |mean: 30.28571   |sd: 2.60298   |p: 0.10423


test datum[ 3 ]:  [162 53 28]
probabilities:  {'M': 3.0765444e-07, 'W': 0.000106678612852}
prediction: W

test set:  [[175 70 30]
 [180 85 29]
 [168 75 32]
 [162 53 28]]

predictions for test set:  ['M', 'M', 'M', 'W']
